CLASS STENOLAEMATA
	ORDER CYCLOSTOMATA
		SUBORDER PALEOTUBULIPORINA
					FAMILY CORYNOTRYPIDAE
					FAMILY SAGENELLIDAE
					FAMILY CROWNOPORIDAE
					FAMILY FLABELLOTRYPIDAE
					FAMILY KUKERSELLIDAE: See CROWNOPORIDAE
		SUBORDER TUBULIPORINA
					FAMILY STOMATOPORIDAE
					FAMILY CINCTIPORIDAE † (Suborder placement uncertain)
					FAMILY ONCOUSOECIIDAE †
					FAMILY TUBULIPORIDAE †
					FAMILY MULTISPARSIDAE
					FAMILY IDMONEIDAE
					FAMILY DIPLOCLEMIDAE
					FAMILY CELLULIPORIDAE
					FAMILY PLAGIOECIIDAE †
					FAMILY ELEIDAE
					FAMILY TERVIIDAE
					FAMILY SPIROPORIDAE
					FAMILY DIASTOPORIDAE
					 FAMILY ANNECTOCYMIDAE
					 FAMILY BERENICEIDAE
					FAMILY FILISPARSIDAE - See ONCOUSOECIIDAE
					 FAMILY MECYNOECIIDAE
					FAMILY DIAPEROECIIDAE
					FAMILY ENTALOPHORIDAE
					FAMILY PUSTULOPORIDAE
					FAMILY PHACELOPORIDAE
		SUBORDER FASCICULINA
					FAMILY FRONDIPORIDAE †
					FAMILY FASCICULIPORIDAE -see  FRONDIPORIDAE
					FAMILY FASCIGERIDAE -see  FRONDIPORIDAE
					FAMILY THEONOIDAE
					FAMILY ACTINOPORIDAE
					FAMILY SIPHONIOTYPHLIDAE
					 FAMILY HASTINGSIIDAE †
					FAMILY SEMICEIDAE
		SUBORDER ARTICULINA
					FAMILY CRISIIDAE †
					FAMILY CRISULIPORIDAE
		SUBORDER CANCELLATA
					FAMILY HORNERIDAE †
					FAMILY STIGMATOECHIDAE
					FAMILY STEGOHORNERIDAE - see STIGMATOECHIDAE
					FAMILY PETALOPORIDAE
					FAMILY CALVETIIDAE
					FAMILY CRISINIDAE †
					FAMILY CRASSODISCOPORIDAE
					FAMILY CYTIDIDAE
					FAMILY PSEUDIDMONEIDAE
					FAMILY RADIOPORIDAE - see LICHENOPORIDAE ?
					FAMILY CANALIPORIDAE (suborder placement uncertain)
		SUBORDER CERIOPORINA
					FAMILY CERIOPORIDAE †
					FAMILY HETEROPORIDAE
					FAMILY LEIOSOECIIDAE
					FAMILY DENSIPORIDAE †
					FAMILY CANUELLIDAE - see CERIOPORIDAE
					FAMILY TRETOCYCLOECIIDAE - see CERIOPORIDAE
					FAMILY CAVIDAE
					FAMILY SULCOCAVIDAE
					FAMILY CORYMBOPORIDAE
					FAMILY FUNGELLIDAE - see CORYMBOPORIDAE
					FAMILY PSEUDOCERIOPORIDAE
		SUBORDER RECTANGULATA
					FAMILY LICHENOPORIDAE †
					FAMILY DISPORELLIDAE -see LICHENOPORIDAE
					FAMILY CLAUSIDAE 
					FAMILY LOBOSOECIIDAE
		GENUS Atelesopora
		GENUS Braiesopora
		GENUS Rodinopora
	ORDER (?) HEDERELLIDA
					FAMILY HEDERELLIDAE
					FAMILY REPTARIIDAE
	ORDER CRYPTOSTOMIDA
		SUBORDER PTILODICTYINA
					FAMILY PTILODICTYIDAE
					FAMILY ESCHAROPORIDAE
					FAMILY INTRAPORIDAE
					FAMILY PHRAGMOPHERIDAE
					FAMILY RHINIDICTYIDAE
					FAMILY STICTOPORELLIDAE
					FAMILY VIRGATELLIDAE
					FAMILY PHAENOPORIDAE
					FAMILY WORTHENOPORIDAE
					FAMILY MYSTICELLIDAE
		SUBORDER RHABDOMESINA
					FAMILY ARTHROSTYLIDAE
					FAMILY RHABDOMESIDAE
					FAMILY RHOMBOPORIDAE
					FAMILY BACTROPORIDAE
					FAMILY NIKIFOROVELLIDAE
					FAMILY PSEUDOASCOPORIDAE
					FAMILY HYPHASMOPORIDAE
					FAMILY STREBLASCOPORIDAE
		SUBORDER TIMANODICTYINA
					FAMILY TIMANODICTYIDAE
					FAMILY MURENGOLOCLEMIDAE
					FAMILY GIRTYPORIDAE -see in ORDER TREPOSTOMATIDA ?
		SUBORDER GOLDFUSSITRYPINA
					FAMILY GOLDFUSSITRYPIDAE
					FAMILY MAYCHELLIDAE
					FAMILY MEDIAPORIDAE
					FAMILY NICKLESOPORIDAE
					FAMILY VIDRONOVELLIDAE
		SUBORDER STREBLOTRYPINA
					FAMILY STREBLOTRYPIDAE
					FAMILY NUDYMIELLIDAE
					FAMILY NEMATOPORIDAE
					FAMILY NEMATOTRYPIDAE
					FAMILY TAMAROCLEMIDAE
					FAMILY FLABELLOTRYPIDAE (Now in Cyclostomata)
					FAMILY KIELCEPORIDAE
					FAMILY PALESCHARIDAE ?
		GENUS Antonoclema
		GENUS Euspilopora
		GENUS Heliotrypa
		GENUS Petaloporella
		GENUS Ptilotrypa
		GENUS Ptilotrypina
		GENUS Stictotrypa
		GENUS Taeniodictya
		GENUS Trepocryptopora
	ORDER CYSTOPORIDA
		SUBORDER CERAMOPORINA
					FAMILY CERAMOPORIDAE
					FAMILY ACANTHOCERAMOPORELLIDAE
					FAMILY RHINOPORIDAE
		SUBORDER FISTULIPORINA
					FAMILY ANOLOTICHIIDAE
					FAMILY XENOTRYPIDAE
					FAMILY CONSTELLARIIDAE
					FAMILY FISTULIPORIDAE †
					FAMILY BOTRYLLOPORIDAE
					FAMILY ACTINOTRYPIDAE
					FAMILY HEXAGONELLIDAE †
					FAMILY CYSTODICTYONIDAE
					FAMILY ETHERELLIDAE
					FAMILY GONIOCLADIIDAE
		GENUS Inconobotopora
		GENUS Minutolunaria
		GENUS Pileotrypella
	ORDER TREPOSTOMATIDA
					FAMILY ESTHONIOPORIDAE
					FAMILY ORBIPORIDAE
					FAMILY DITTOPORIDAE
					FAMILY HETEROTRYPIDAE
					FAMILY LEIOCLEMIDAE
					FAMILY BIMUROPORIDAE
					FAMILY HALLOPORIDAE
					FAMILY TREMATOPORIDAE
					FAMILY BATOSTOMELLIDAE
					FAMILY MONTICULIPORIDAE
					FAMILY RALFIMARTITIDAE
					FAMILY MESOTRYPIDAE
					FAMILY PSEUDOCAMPYLIDAE
					FAMILY AMPLEXOPORIDAE
					FAMILY ATACTOTOECHIDAE
					FAMILY ERIDOTRYPELLIDAE
					FAMILY STEREOTOECHIDAE
					FAMILY DIPLOTRYPIDAE
					FAMILY ANISOTRYPIDAE
					FAMILY CRUSTOPORIDAE
					FAMILY MISHULGELLIDAE
					FAMILY DYSCRITELLIDAE
					FAMILY AISENVERGIIDAE
					FAMILY STENOPORIDAE
					FAMILY STENOPORELLIDAE
					FAMILY MAYCHELLINIDAE
					FAMILY CYCLOPORIDAE
					FAMILY NIPPONOSTENOPORIDAE
					FAMILY ULRICHOTRYPELLIDAE
					FAMILY HEMIERIDOTRYPIDAE
					FAMILY ARAXOPORIDAE
					FAMILY HELENOPORIDAE
					FAMILY ASTRALOCHOMIDAE
					FAMILY DIANULITIDAE
					FAMILY REVALOTRYPIDAE
					FAMILY GIRTYPORIDAE
					FAMILY ZOZARIELLIDAE
		GENUS Balticopora
		GENUS Batostomellina
		GENUS Coeloclemis
		GENUS Hyalotoechus
		GENUS Monotrypella
		GENUS Nicholsonella
		GENUS Petalotrypella
	ORDER FENESTRIDA
					FAMILY ENALLOPORIDAE
					FAMILY RALFINIDAE
					FAMILY PHYLLOPORINIDAE
					FAMILY SARDESONINIDAE
					FAMILY CHAINODICTYONIDAE
					FAMILY SEMICOSCINIIDAE
					FAMILY FENESTELLIDAE †
					FAMILY POLYPORIDAE †
					FAMILY FENESTRALIIDAE
					FAMILY FENESTRAPORIDAE
					FAMILY SEPTATOPORIDAE
					FAMILY SEPTOPORIDAE
					FAMILY ACANTHOCLADIIDAE
					FAMILY ADMIRATELLIDAE
					FAMILY CARNOCLADIIDAE
CLASS GYMNOLAEMATA
	ORDER CTENOSTOMATA
				SUPERFAMILY BENEDENIPOROIDEA
					FAMILY BENEDENIPORIDAE
					FAMILY LABIOSTOMELLIDAE
		GENUS Protobenedenipora
		SUBORDER ALCYONIDIINA
				SUPERFAMILY ALCYONIDIOIDEA
					FAMILY ALCYONIDIIDAE
					FAMILY CLAVOPORIDAE
					FAMILY MONOBRYOZOONTIDAE
					FAMILY PACHYZOONTIDAE
		SUBORDER FLUSTRELLIDRINA
				SUPERFAMILY HAYWARDOZOONOIDEA
					FAMILY HAYWARDOZOONTIDAE
				SUPERFAMILY FLUSTRELLIDROIDEA
					FAMILY FLUSTRELLIDRIDAE
					FAMILY LOBIANCOPORIDAE - see ALCYONIDIIDAE?
					FAMILY PHERUSELLIDAE
		SUBORDER VICTORELLINA
				SUPERFAMILY VICTORELLOIDEA
					FAMILY VICTORELLIDAE
					FAMILY SUNDANELLIDAE
					FAMILY NOLELLIDAE †
					FAMILY POTTSIELLIDAE
					FAMILY AETHOZOONTIDAE
					FAMILY IMMERGENTIIDAE
		SUBORDER PALUDICELLINA
				SUPERFAMILY PALUDICELLOIDEA
					FAMILY PALUDICELLIDAE
		SUBORDER VESICULARINA
				SUPERFAMILY VESICULARIOIDEA
					FAMILY VESICULARIIDAE †
					FAMILY BUSKIIDAE
					FAMILY BATHYALOZOONTIDAE
		SUBORDER STOLONIFERINA
				SUPERFAMILY TRITICELLOIDEA
					FAMILY TRITICELLIDAE
				SUPERFAMILY AEVERRILLIOIDEA
					FAMILY AEVERRILLIIDAE
					FAMILY FARRELLIDAE
				SUPERFAMILY VALKERIOIDEA
					FAMILY WALKERIIDAE
					FAMILY MIMOSELLIDAE
					FAMILY HYPOPHORELLIDAE
					FAMILY HARMERIELLIDAE
				SUPERFAMILY ARACHNIDIOIDEA
					FAMILY ARACHNIDIIDAE
				SUPERFAMILY TEREBRIPOROIDEA
					FAMILY TEREBRIPORIDAE †
					FAMILY SPATHIPORIDAE
					FAMILY ROPALONARIIDAE
					FAMILY VOIGTELLIDAE
					FAMILY ORBIGNYOPORIDAE
					FAMILY COOKOBRYOZOONIDAE see TEREBRIPORIDAE
					FAMILY VINELLIDAE
				SUPERFAMILY HISLOPIOIDEA
					FAMILY HISLOPIIDAE
				SUPERFAMILY PENETRANTIINA
					FAMILY PENETRANTIIDAE
					FAMILY ASCODICTYIDAE
					FAMILY PANOLICELLIDAE
		GENUS Casteropora
		GENUS Fischerella
		GENUS Foraripora
		GENUS Haimeina
		GENUS Marcusopora
		GENUS  Protobenedenipora
	ORDER CHEILOSTOMATA
				SUPERFAMILY LABIOSTOMELLOIDEA
		GENUS (FAMILY LABIOSTOMELLIDAE - Now in Order Ctenostomata)
		SUBORDER INOVICELLATA
				SUPERFAMILY AETEOIDEA
					FAMILY AETEIDAE †
		SUBORDER SCRUPARIINA
				SUPERFAMILY SCRUPARIOIDEA
					FAMILY SCRUPARIIDAE †
					FAMILY LEIOSALPINGIDAE
					FAMILY EUCRATEIDAE
		SUBORDER MALACOSTEGA
				SUPERFAMILY MEMBRANIPOROIDEA
					FAMILY MEMBRANIPORIDAE †
					FAMILY WAWALIIDAE
					FAMILY ELECTRIDAE †
					FAMILY SINOFLUSTRIDAE †
					FAMILY CHIPLONKARINIDAE
					FAMILY CORYNOSTYLIDAE
		SUBORDER FLUSTRINA
				SUPERFAMILY CALLOPOROIDEA
					FAMILY CALLOPORIDAE †
					FAMILY ANTROPORIDAE †
					FAMILY DORYPORELLIDAE
					FAMILY CHAPERIIDAE †
					FAMILY HIANTOPORIDAE †
					FAMILY FOVEOLARIIDAE
					FAMILY QUADRICELLARIIDAE †
					FAMILY BRYOPASTORIDAE
					FAMILY VINCULARIDAE
					FAMILY FARCIMINARIIDAE †
					FAMILY TENDRIDAE †
					FAMILY HELIODOMIDAE
					FAMILY CUPULADRIIDAE †
				SUPERFAMILY FLUSTROIDEA
					FAMILY FLUSTRIDAE †
				SUPERFAMILY BUGULOIDEA
					FAMILY BUGULIDAE †
					FAMILY RHABDOZOIDAE †
					FAMILY BEANIIDAE †
					FAMILY EPISTOMIIDAE
					FAMILY EUOPLOZOIDAE
					FAMILY CANDIDAE † ( = Scrupocellariidae, Cabereidae ) 
				SUPERFAMILY MICROPOROIDEA
					FAMILY MICROPORIDAE †
					FAMILY PORICELLARIIDAE
					FAMILY SETOSELLIDAE
					FAMILY SELENARIIDAE †
					FAMILY OTIONELLIDAE †
					FAMILY LUNULITIDAE
					FAMILY LUNULARIIDAE †
					FAMILY ONYCHOCELLIDAE †
					FAMILY ASPIDOSTOMATIDAE †
					FAMILY STEGINOPORELLIDAE †
					FAMILY THALAMOPORELLIDAE †
					FAMILY ALYSIDIIDAE
					FAMILY CHLIDONIIDAE †
					FAMILY MONOPORELLIDAE †
					FAMILY MACROPORIDAE †
					FAMILY CALESCHARIDAE †
				SUPERFAMILY CELLARIOIDEA
					FAMILY CELLARIIDAE †
					FAMILY MEMBRANICELLARIIDAE
		GENUS Acanthodesiomorpha
		GENUS Austroflustra
		GENUS Brettia
		GENUS Christinella
		GENUS Discovibracella
		GENUS Fissuricella
		GENUS Hoeverella
		GENUS Klugeflustra
		GENUS Lateroflustrellaria
		GENUS Neoflustra
		GENUS Ogivalia
		GENUS Parastichopora
		GENUS Stichopora
		GENUS Taeniocellaria
		GENUS Vibracella
		GENUS Vincularina
		GENUS Volviflustrellaria
		SUBORDER ASCOPHORA
			INFRAORDER ACANTHOSTEGA
				SUPERFAMILY CRIBRILINOIDEA
					FAMILY CRIBRILINIDAE †
					FAMILY LEKYTHOGLENIDAE
					FAMILY EUTHYROIDIDAE †
					FAMILY POLLICIPORIDAE
				SUPERFAMILY BIFAXARIOIDEA
					FAMILY BIFAXARIIDAE †
					FAMILY PLATYGLENIDAE
					FAMILY MIXTOPELTIDAE
				SUPERFAMILY SCORIOPOROIDEA
					FAMILY SCORIOPORIDAE
					FAMILY NEPHROPORIDAE
				SUPERFAMILY CATENICELLOIDEA
					FAMILY CATENICELLIDAE †
					FAMILY CONCATENELLIDAE †
					FAMILY EURYSTOMELLIDAE †
					FAMILY SAVIGNYELLIDAE †
					FAMILY PETALOSTEGIDAE †
			INFRAORDER HIPPOTHOOMORPHA
				SUPERFAMILY HIPPOTHOOIDEA
					FAMILY HIPPOTHOIDAE †
					FAMILY CHORIZOPORIDAE †
					FAMILY TRYPOSTEGIDAE †
					FAMILY PASYTHEIDAE
					FAMILY DYSNOETOPORIDAE
			INFRAORDER UMBONULOMORPHA
				SUPERFAMILY ARACHNOPUSIOIDEA
					FAMILY ARACHNOPUSIIDAE †
					FAMILY EXECHONELLIDAE †
				SUPERFAMILY ADEONOIDEA
					FAMILY ADEONIDAE †
					FAMILY ADEONELLIDAE †
					FAMILY INVERSIULIDAE †
				SUPERFAMILY PSEUDOLEPRALIOIDEA
					FAMILY PSEUDOLEPRALIIDAE
					FAMILY BRYDONELLIDAE
				SUPERFAMILY LEPRALIELLOIDEA (UMBONULOIDEA)
					FAMILY LEPRALIELLIDAE †(= CELLEPORARIIDAE)
					FAMILY DHONDTISCIDAE
					FAMILY BRYOCRYPTELLIDAE (= PORELLIDAE)
					FAMILY ROMANCHEINIDAE (?= EXOCHELLIDAE, ESCHARELLIDAE)
					FAMILY EXOCHELLIDAE †
					FAMILY ESCHARELLIDAE †
					FAMILY GEMELLIPORELLIDAE
					FAMILY SFENIELLIDAE †
					FAMILY UMBONULIDAE †
					FAMILY DESMACYSTIDAE See UMBONULIDAE
					FAMILY TESSARADOMIDAE
					FAMILY HINCKSIPORIDAE
					FAMILY SCLERODOMIDAE †
					FAMILY METRARABDOTOSIDAE
					FAMILY PEEDEESELLIDAE (Superfamily uncertain)
				SUPERFAMILY CHLIDONIOPSOIDEA
					FAMILY CHLIDONIOPSIDAE †
			INFRAORDER LEPRALIOMORPHA
				SUPERFAMILY SMITTINOIDEA
					FAMILY SMITTINIDAE †
					FAMILY BITECTIPORIDAE † (=HIPPOPORINIDAE)
					FAMILY WATERSIPORIDAE †
				SUPERFAMILY SCHIZOPORELLOIDEA
					FAMILY SCHIZOPORELLIDAE †
					FAMILY STOMACHETOSELLIDAE †
					FAMILY ACORANIIDAE
					FAMILY TETRAPLARIIDAE
					FAMILY BRYOBACULIDAE
					FAMILY PHORIOPPNIIDAE †
					FAMILY PORINIDAE †
					FAMILY MARGARETTIDAE †
					FAMILY MYRIAPORIDAE
					FAMILY HIPPOPODINIDAE
					FAMILY ESCHARINIDAE
					FAMILY PACIFICINCOLIDAE
					FAMILY DUVERGIERIIDAE
					FAMILY GIGANTOPORIDAE
					FAMILY LANCEOPORIDAE † (=PARMULARIIDAE)
					FAMILY CRYPTOSULIDAE †
					FAMILY CHEILOPORINIDAE †
					FAMILY ACTISECIDAE
					FAMILY TEUCHOPORIDAE
					FAMILY PHOCEANIDAE
					FAMILY MAWATARIIDAE
					FAMILY VICIDAE
					FAMILY HIPPALIOSINIDAE
					FAMILY CHEILHORNEROPSIDAE
					FAMILY MICROPORELLIDAE † 
					FAMILY CALWELLIIDAE †
					FAMILY PETRALIIDAE †
					FAMILY PETRALIELLIDAE †
					FAMILY CREPIDACANTHIDAE †
					FAMILY CYCLICOPORIDAE †
					FAMILY LACERNIDAE †
					FAMILY BUFFONELLODIDAE †
					FAMILY JACULINIDAE
					FAMILY EMINOOECIIDAE †
				SUPERFAMILY URCEOLIPOROIDEA
					FAMILY URCEOLIPORIDAE †
					FAMILY PROSTOMARIIDAE †
				SUPERFAMILY DIDYMOSELLOIDEA
					FAMILY DIDYMOSELLIDAE †
				SUPERFAMILY EUTHYRISELLOIDEA
					FAMILY EUTHYRISELLIDAE †
				SUPERFAMILY SIPHONICYTAROIDEA
					FAMILY SIPHONICYTARIDAE
				SUPERFAMILY MAMILLOPOROIDEA
					FAMILY MAMILLOPORIDAE
					FAMILY CLEIDOCHASMATIDAE †
					FAMILY ECHINOVADOMIDAE
					FAMILY ASCOSIIDAE
				SUPERFAMILY CELLEPOROIDEA
					FAMILY COLATOOECIIDAE
					FAMILY CELLEPORIDAE †
					FAMILY TORQUATELLIDAE
					FAMILY HIPPOPORIDRIDAE
					FAMILY PHIDOLOPORIDAE †
				SUPERFAMILY BATOPOROIDEA
					FAMILY BATOPORIDAE †
					FAMILY ORBITULIPORIDAE †
					FAMILY CONESCHARELLINIDAE † (=BIPORIDAE)
					FAMILY LEKYTHOPORIDAE †
					FAMILY CUVILLIERIDAE
		GENUS Bellulopora
		GENUS Bimicroporella
		GENUS Dicasignetella
		GENUS Dysnoetocella
		GENUS Goodonia
		GENUS Hippadenella
		GENUS Hippomenella
		GENUS Julianca
		GENUS Kymella
		GENUS Ochetosellina
		GENUS Prattia
		GENUS Pseudostega
		GENUS Robertsonidra
		GENUS Schallreuterella (? order, class)
		GENUS Schizoporellopsis
		GENUS Schizorthosecos
		GENUS Taenioporella
		GENUS Tshokrakopora
		GENUS Tubescharina
		GENUS Viskoviella
CLASS PHYLACTOLAEMATA
	ORDER PLUMATELLIDA
					FAMILY CRISTATELLIDAE †
					FAMILY LOPHOPODIDAE †
					FAMILY FREDERICELLIDAE †
					FAMILY PLUMATELLIDAE †
					FAMILY PECTINATELLIDAE †
					FAMILY STEPHANELLIDAE
